빌드 시작: 2013-08-29 오후 6:52:26
     1>2 노드의 "D:\#2013\#CProject\Tensor\TensorVotingField\TensorVotingField\TensorVotingField.vcxproj" 프로젝트(Build 대상)입니다.
     1>ClCompile:
         C:\Program Files (x86)\Microsoft Visual Studio 11.0\VC\bin\CL.exe /c /ZI /nologo /W3 /WX- /Od /Oy- /D WIN32 /D _DEBUG /D _CONSOLE /D _UNICODE /D UNICODE /Gm /EHsc /RTC1 /MDd /GS /fp:precise /Zc:wchar_t /Zc:forScope /Fo"Debug\\" /Fd"Debug\vc110.pdb" /Gd /TP /analyze- /errorReport:prompt Tensor.cpp main.cpp stickTVF.cpp tensorvoting.cpp tvf.cpp
         tvf.cpp
         tensorvoting.cpp
         stickTVF.cpp
     1>d:\#2013\#cproject\tensor\tensorvotingfield\tensorvotingfield\sticktvf.cpp(96): warning C4172: 지역 변수 또는 임시 변수의 주소를 반환하고 있습니다.
         main.cpp
         Tensor.cpp
         코드를 생성하고 있습니다...
       Link:
         C:\Program Files (x86)\Microsoft Visual Studio 11.0\VC\bin\link.exe /ERRORREPORT:PROMPT /OUT:"D:\#2013\#CProject\Tensor\TensorVotingField\Debug\TensorVotingField.exe" /INCREMENTAL /NOLOGO kernel32.lib user32.lib gdi32.lib winspool.lib comdlg32.lib advapi32.lib shell32.lib ole32.lib oleaut32.lib uuid.lib odbc32.lib odbccp32.lib /MANIFEST /MANIFESTUAC:"level='asInvoker' uiAccess='false'" /manifest:embed /DEBUG /PDB:"D:\#2013\#CProject\Tensor\TensorVotingField\Debug\TensorVotingField.pdb" /SUBSYSTEM:CONSOLE /TLBID:1 /DYNAMICBASE /NXCOMPAT /IMPLIB:"D:\#2013\#CProject\Tensor\TensorVotingField\Debug\TensorVotingField.lib" /MACHINE:X86 Debug\main.obj
         Debug\stickTVF.obj
         Debug\Tensor.obj
         Debug\tensorvoting.obj
         Debug\tvf.obj
         TensorVotingField.vcxproj -> D:\#2013\#CProject\Tensor\TensorVotingField\Debug\TensorVotingField.exe
     1>"D:\#2013\#CProject\Tensor\TensorVotingField\TensorVotingField\TensorVotingField.vcxproj" 프로젝트를 빌드했습니다(Build 대상).

빌드했습니다.

경과 시간: 00:00:02.13
